Flow report for CurriculumDesign
Tue Nov 29 17:35:14 2022
Quartus Prime Version 21.1.1 Build 850 06/23/2022 SJ Lite Edition


---------------------
; Table of Contents ;
---------------------
  1. Legal Notice
  2. Flow Summary
  3. Flow Settings
  4. Flow Non-Default Global Settings
  5. Flow Elapsed Time
  6. Flow OS Summary
  7. Flow Log
  8. Flow Messages
  9. Flow Suppressed Messages



----------------
; Legal Notice ;
----------------
Copyright (C) 2022  Intel Corporation. All rights reserved.
Your use of Intel Corporation's design tools, logic functions 
and other software and tools, and any partner logic 
functions, and any output files from any of the foregoing 
(including device programming or simulation files), and any 
associated documentation or information are expressly subject 
to the terms and conditions of the Intel Program License 
Subscription Agreement, the Intel Quartus Prime License Agreement,
the Intel FPGA IP License Agreement, or other applicable license
agreement, including, without limitation, that your use is for
the sole purpose of programming logic devices manufactured by
Intel and sold by Intel or its authorized distributors.  Please
refer to the applicable agreement for further details, at
https://fpgasoftware.intel.com/eula.



+----------------------------------------------------------------------------------+
; Flow Summary                                                                     ;
+------------------------------------+---------------------------------------------+
; Flow Status                        ; Successful - Tue Nov 29 17:35:14 2022       ;
; Quartus Prime Version              ; 21.1.1 Build 850 06/23/2022 SJ Lite Edition ;
; Revision Name                      ; CurriculumDesign                            ;
; Top-level Entity Name              ; wave_ctrl_fre_pha_data_ctrl                 ;
; Family                             ; Cyclone IV E                                ;
; Device                             ; EP4CE10F17C8                                ;
; Timing Models                      ; Final                                       ;
; Total logic elements               ; 6,665 / 10,320 ( 65 % )                     ;
;     Total combinational functions  ; 6,653 / 10,320 ( 64 % )                     ;
;     Dedicated logic registers      ; 160 / 10,320 ( 2 % )                        ;
; Total registers                    ; 160                                         ;
; Total pins                         ; 68 / 180 ( 38 % )                           ;
; Total virtual pins                 ; 0                                           ;
; Total memory bits                  ; 131,072 / 423,936 ( 31 % )                  ;
; Embedded Multiplier 9-bit elements ; 0 / 46 ( 0 % )                              ;
; Total PLLs                         ; 0 / 2 ( 0 % )                               ;
+------------------------------------+---------------------------------------------+


+-----------------------------------------+
; Flow Settings                           ;
+-------------------+---------------------+
; Option            ; Setting             ;
+-------------------+---------------------+
; Start date & time ; 11/29/2022 17:32:40 ;
; Main task         ; Compilation         ;
; Revision Name     ; CurriculumDesign    ;
+-------------------+---------------------+


+-------------------------------------------------------------------------------------------------------------------------------------------------------------------------------------------+
; Flow Non-Default Global Settings                                                                                                                                                          ;
+--------------------------------------+---------------------------------------------------------------+------------------+-----------------------------+-----------------------------------+
; Assignment Name                      ; Value                                                         ; Default Value    ; Entity Name                 ; Section Id                        ;
+--------------------------------------+---------------------------------------------------------------+------------------+-----------------------------+-----------------------------------+
; COMPILER_SIGNATURE_ID                ; 172610048419316.166971436013732                               ; --               ; --                          ; --                                ;
; EDA_DESIGN_INSTANCE_NAME             ; NA                                                            ; --               ; --                          ; tb_wave_ctrl_fre_pha_data_ctrl    ;
; EDA_GENERATE_FUNCTIONAL_NETLIST      ; Off                                                           ; --               ; --                          ; eda_board_design_timing           ;
; EDA_GENERATE_FUNCTIONAL_NETLIST      ; Off                                                           ; --               ; --                          ; eda_board_design_boundary_scan    ;
; EDA_GENERATE_FUNCTIONAL_NETLIST      ; Off                                                           ; --               ; --                          ; eda_board_design_signal_integrity ;
; EDA_GENERATE_FUNCTIONAL_NETLIST      ; Off                                                           ; --               ; --                          ; eda_board_design_symbol           ;
; EDA_NATIVELINK_SIMULATION_TEST_BENCH ; tb_wave_ctrl_fre_pha_data_ctrl                                ; --               ; --                          ; eda_simulation                    ;
; EDA_OUTPUT_DATA_FORMAT               ; Verilog Hdl                                                   ; --               ; --                          ; eda_simulation                    ;
; EDA_SIMULATION_TOOL                  ; ModelSim (Verilog)                                            ; <None>           ; --                          ; --                                ;
; EDA_TEST_BENCH_ENABLE_STATUS         ; TEST_BENCH_MODE                                               ; --               ; --                          ; eda_simulation                    ;
; EDA_TEST_BENCH_FILE                  ; ../rtl/tb_wave_ctrl_fre_pha_data_ctrl.v                       ; --               ; --                          ; tb_wave_ctrl_fre_pha_data_ctrl    ;
; EDA_TEST_BENCH_MODULE_NAME           ; tb_wave_ctrl_fre_pha_data_ctrl                                ; --               ; --                          ; tb_wave_ctrl_fre_pha_data_ctrl    ;
; EDA_TEST_BENCH_NAME                  ; tb_wave_ctrl_fre_pha_data_ctrl                                ; --               ; --                          ; eda_simulation                    ;
; EDA_TEST_BENCH_RUN_SIM_FOR           ; 1 us                                                          ; --               ; --                          ; tb_wave_ctrl_fre_pha_data_ctrl    ;
; EDA_TIME_SCALE                       ; 1 ps                                                          ; --               ; --                          ; eda_simulation                    ;
; MAX_CORE_JUNCTION_TEMP               ; 85                                                            ; --               ; --                          ; --                                ;
; MIN_CORE_JUNCTION_TEMP               ; 0                                                             ; --               ; --                          ; --                                ;
; MISC_FILE                            ; ../rtl/ip_core/sin_wave_rom_8x4096/sin_wave_rom_8x4096_inst.v ; --               ; --                          ; --                                ;
; MISC_FILE                            ; ../rtl/ip_core/saw_wave_rom_8x4096/saw_wave_rom_8x4096_inst.v ; --               ; --                          ; --                                ;
; MISC_FILE                            ; ../rtl/ip_core/squ_wave_rom_8x4096/squ_wave_rom_8x4096_inst.v ; --               ; --                          ; --                                ;
; MISC_FILE                            ; ../rtl/ip_core/tri_wave_rom_8x4096/tri_wave_rom_8x4096_inst.v ; --               ; --                          ; --                                ;
; MISC_FILE                            ; ../rtl/ip_core/div_64_64/div_64_64_inst.v                     ; --               ; --                          ; --                                ;
; NOMINAL_CORE_SUPPLY_VOLTAGE          ; 1.2V                                                          ; --               ; --                          ; --                                ;
; PARTITION_COLOR                      ; -- (Not supported for targeted family)                        ; --               ; wave_ctrl_fre_pha_data_ctrl ; Top                               ;
; PARTITION_FITTER_PRESERVATION_LEVEL  ; -- (Not supported for targeted family)                        ; --               ; wave_ctrl_fre_pha_data_ctrl ; Top                               ;
; PARTITION_NETLIST_TYPE               ; -- (Not supported for targeted family)                        ; --               ; wave_ctrl_fre_pha_data_ctrl ; Top                               ;
; POWER_BOARD_THERMAL_MODEL            ; None (CONSERVATIVE)                                           ; --               ; --                          ; --                                ;
; POWER_PRESET_COOLING_SOLUTION        ; 23 MM HEAT SINK WITH 200 LFPM AIRFLOW                         ; --               ; --                          ; --                                ;
; PROJECT_OUTPUT_DIRECTORY             ; output_files                                                  ; --               ; --                          ; --                                ;
; TOP_LEVEL_ENTITY                     ; wave_ctrl_fre_pha_data_ctrl                                   ; CurriculumDesign ; --                          ; --                                ;
+--------------------------------------+---------------------------------------------------------------+------------------+-----------------------------+-----------------------------------+


+--------------------------------------------------------------------------------------------------------------------------+
; Flow Elapsed Time                                                                                                        ;
+----------------------+--------------+-------------------------+---------------------+------------------------------------+
; Module Name          ; Elapsed Time ; Average Processors Used ; Peak Virtual Memory ; Total CPU Time (on all processors) ;
+----------------------+--------------+-------------------------+---------------------+------------------------------------+
; Analysis & Synthesis ; 00:00:25     ; 1.0                     ; 4870 MB             ; 00:00:34                           ;
; Fitter               ; 00:00:41     ; 1.1                     ; 5583 MB             ; 00:01:24                           ;
; Assembler            ; 00:00:01     ; 1.0                     ; 4721 MB             ; 00:00:01                           ;
; Timing Analyzer      ; 00:01:23     ; 2.0                     ; 5380 MB             ; 00:01:23                           ;
; EDA Netlist Writer   ; 00:00:01     ; 1.0                     ; 4680 MB             ; 00:00:01                           ;
; Total                ; 00:02:31     ; --                      ; --                  ; 00:03:23                           ;
+----------------------+--------------+-------------------------+---------------------+------------------------------------+


+------------------------------------------------------------------------------------+
; Flow OS Summary                                                                    ;
+----------------------+------------------+------------+------------+----------------+
; Module Name          ; Machine Hostname ; OS Name    ; OS Version ; Processor type ;
+----------------------+------------------+------------+------------+----------------+
; Analysis & Synthesis ; LAPTOP-3N54D6K6  ; Windows 10 ; 10.0       ; x86_64         ;
; Fitter               ; LAPTOP-3N54D6K6  ; Windows 10 ; 10.0       ; x86_64         ;
; Assembler            ; LAPTOP-3N54D6K6  ; Windows 10 ; 10.0       ; x86_64         ;
; Timing Analyzer      ; LAPTOP-3N54D6K6  ; Windows 10 ; 10.0       ; x86_64         ;
; EDA Netlist Writer   ; LAPTOP-3N54D6K6  ; Windows 10 ; 10.0       ; x86_64         ;
+----------------------+------------------+------------+------------+----------------+


------------
; Flow Log ;
------------
quartus_map --read_settings_files=on --write_settings_files=off CurriculumDesign -c CurriculumDesign
quartus_fit --read_settings_files=off --write_settings_files=off CurriculumDesign -c CurriculumDesign
quartus_asm --read_settings_files=off --write_settings_files=off CurriculumDesign -c CurriculumDesign
quartus_sta CurriculumDesign -c CurriculumDesign
quartus_eda --read_settings_files=off --write_settings_files=off CurriculumDesign -c CurriculumDesign



